2025-04-26 00:18:30,988 - INFO - Starting AFK bot. Move mouse to top-left to abort.
2025-04-26 00:18:32,989 - INFO - Launching Roblox (Attempt 1/2)
2025-04-26 00:18:40,142 - INFO - Roblox launched successfully.
2025-04-26 00:20:21,602 - INFO - Starting AFK bot. Move mouse to top-left to abort.
2025-04-26 00:20:23,603 - INFO - Launching Roblox (Attempt 1/2)
2025-04-26 00:20:30,623 - INFO - Roblox launched successfully.
2025-04-26 00:20:41,322 - INFO - Roblox closed. Relaunching...
2025-04-26 00:21:15,317 - INFO - Starting AFK bot. Move mouse to top-left to abort.
2025-04-26 00:21:17,318 - INFO - Launching Roblox (Attempt 1/2)
2025-04-26 00:21:24,073 - INFO - Roblox launched successfully.
2025-04-26 00:21:34,354 - INFO - Roblox closed. Relaunching...
2025-04-26 00:21:35,684 - INFO - Launching Roblox (Attempt 1/2)
2025-04-26 00:21:42,404 - INFO - Roblox launched successfully.
2025-04-26 00:21:56,457 - INFO - Roblox closed. Relaunching...
2025-04-26 00:21:57,918 - INFO - Launching Roblox (Attempt 1/2)
2025-04-26 00:22:04,734 - INFO - Roblox launched successfully.
2025-04-26 00:22:37,363 - INFO - Launching Roblox (Attempt 1/2)
2025-04-26 00:22:45,541 - INFO - Launching Roblox (Attempt 2/2)
2025-04-26 00:22:52,354 - INFO - Roblox launched successfully.
2025-04-26 00:23:07,929 - INFO - Roblox closed. Relaunching...
2025-04-26 00:23:09,349 - INFO - Launching Roblox (Attempt 1/2)
2025-04-26 00:23:16,906 - INFO - Roblox launched successfully.
2025-04-26 00:25:49,722 - INFO - Starting AFK bot. Move mouse to top-left to abort.
2025-04-26 00:25:51,723 - INFO - Launching Roblox (Attempt 1/2)
2025-04-26 00:25:57,710 - INFO - Roblox launched successfully.
2025-04-26 00:32:00,534 - INFO - Starting AFK bot. Move mouse to top-left to abort.
2025-04-26 00:32:02,535 - INFO - Launching Roblox (Attempt 1/2)
2025-04-26 00:33:58,566 - INFO - Starting AFK bot. Move mouse to top-left to abort.
2025-04-26 00:34:00,851 - INFO - Launching Roblox (Attempt 1/2)
2025-04-26 00:34:09,201 - INFO - Roblox launched successfully.
2025-04-26 00:39:14,794 - INFO - Launching Roblox (Attempt 1/2)
2025-04-26 00:39:22,408 - INFO - Roblox launched successfully.
2025-04-26 00:44:28,935 - INFO - Launching Roblox (Attempt 1/2)
2025-04-26 00:44:36,834 - INFO - Roblox launched successfully.
2025-04-26 00:44:38,637 - INFO - Roblox closed. Relaunching...
2025-04-26 00:44:41,682 - INFO - Launching Roblox (Attempt 1/2)
2025-04-26 00:44:49,071 - INFO - Roblox launched successfully.
2025-04-26 00:45:07,795 - INFO - Roblox closed. Relaunching...
2025-04-26 00:45:09,407 - INFO - Launching Roblox (Attempt 1/2)
2025-04-26 00:45:16,768 - INFO - Roblox launched successfully.
2025-04-26 00:50:41,177 - INFO - Launching Roblox (Attempt 1/2)
2025-04-26 01:28:35,584 - INFO - Starting AFK bot. Move mouse to top-left to abort.
2025-04-26 01:28:37,855 - INFO - Launching Roblox (Attempt 1/2)
2025-04-26 01:28:44,386 - INFO - Roblox launched successfully.
2025-04-26 01:29:22,044 - INFO - Starting AFK bot. Move mouse to top-left to abort.
2025-04-26 01:29:24,362 - INFO - Launching Roblox (Attempt 1/2)
2025-04-26 01:29:30,683 - INFO - Roblox launched successfully.
2025-04-26 01:30:37,548 - INFO - Starting AFK bot. Move mouse to top-left to abort.
2025-04-26 01:30:40,048 - INFO - Launching Roblox (Attempt 1/2)
2025-04-26 01:30:51,102 - INFO - Roblox launched successfully.
2025-04-26 01:31:09,994 - INFO - Roblox closed. Relaunching...
2025-04-26 01:31:11,368 - INFO - Launching Roblox (Attempt 1/2)
2025-04-26 01:34:31,366 - INFO - Starting AFK bot. Move mouse to top-left to abort.
2025-04-26 01:34:33,766 - INFO - Launching Roblox (Attempt 1/2)
2025-04-26 01:34:41,860 - INFO - Roblox launched successfully.
2025-04-26 01:34:51,760 - INFO - Roblox closed. Relaunching...
2025-04-26 01:34:53,095 - INFO - Launching Roblox (Attempt 1/2)
2025-04-26 01:35:01,299 - INFO - Roblox launched successfully.
2025-04-26 01:37:07,610 - INFO - Starting AFK bot. Move mouse to top-left to abort.
2025-04-26 01:37:09,615 - INFO - Launching Roblox (Attempt 1/2)
2025-04-26 01:37:21,758 - INFO - Starting AFK bot. Move mouse to top-left to abort.
2025-04-26 01:37:24,275 - INFO - Launching Roblox (Attempt 1/2)
2025-04-26 01:37:32,879 - INFO - Roblox launched successfully.
2025-04-26 01:39:28,663 - INFO - Starting AFK bot. Move mouse to top-left to abort.
2025-04-26 01:39:30,668 - INFO - Launching Roblox (Attempt 1/2)
2025-04-26 01:39:38,077 - INFO - Launching Roblox (Attempt 2/2)
2025-04-26 01:39:45,471 - ERROR - Failed to launch Roblox after 2 attempts.
2025-04-26 01:39:45,472 - ERROR - Initial launch failed. Exiting...
2025-04-26 01:40:24,729 - INFO - Starting AFK bot. Move mouse to top-left to abort.
2025-04-26 01:40:27,050 - INFO - Launching Roblox (Attempt 1/2)
2025-04-26 01:40:35,759 - INFO - Roblox launched successfully.
2025-04-26 01:40:44,193 - INFO - Roblox closed. Relaunching...
2025-04-26 01:40:45,516 - INFO - Launching Roblox (Attempt 1/2)
2025-04-26 01:40:55,203 - INFO - Roblox launched successfully.
2025-04-26 01:42:42,265 - INFO - Starting AFK bot. Move mouse to top-left to abort.
2025-04-26 01:42:45,635 - INFO - Launching Roblox (Attempt 1/2)
2025-04-26 01:42:55,947 - INFO - Roblox launched successfully.
2025-04-26 01:44:55,445 - INFO - Starting AFK bot. Move mouse to top-left to abort.
2025-04-26 01:44:57,638 - INFO - Launching Roblox (Attempt 1/2)
2025-04-26 01:45:04,129 - INFO - Roblox launched successfully.
2025-04-26 01:45:51,022 - INFO - Starting AFK bot. Move mouse to top-left to abort.
2025-04-26 01:45:53,249 - INFO - Launching Roblox (Attempt 1/2)
2025-04-26 01:45:59,610 - INFO - Roblox launched successfully.
2025-04-26 01:46:41,029 - INFO - Roblox closed. Relaunching...
2025-04-26 01:46:42,378 - INFO - Launching Roblox (Attempt 1/2)
2025-04-26 01:46:48,704 - INFO - Roblox launched successfully.
2025-04-26 01:48:14,011 - INFO - Roblox closed. Relaunching...
2025-04-26 01:48:15,371 - INFO - Launching Roblox (Attempt 1/2)
2025-04-26 01:48:24,005 - INFO - Roblox launched successfully.
2025-04-26 01:52:03,490 - INFO - Starting AFK bot. Move mouse to top-left to abort.
2025-04-26 01:52:05,945 - INFO - Launching Roblox (Attempt 1/2)
2025-04-26 01:52:14,662 - INFO - Roblox launched successfully.
2025-04-26 01:52:28,499 - INFO - Roblox closed. Relaunching...
2025-04-26 01:52:29,800 - INFO - Launching Roblox (Attempt 1/2)
2025-04-26 01:52:37,807 - INFO - Roblox launched successfully.
2025-04-26 01:52:41,959 - INFO - Roblox closed. Relaunching...
2025-04-26 01:52:43,328 - INFO - Launching Roblox (Attempt 1/2)
2025-04-26 01:52:51,555 - INFO - Roblox launched successfully.
2025-04-26 01:52:59,299 - INFO - Roblox closed. Relaunching...
2025-04-26 01:53:00,626 - INFO - Launching Roblox (Attempt 1/2)
2025-04-26 01:53:08,577 - INFO - Roblox launched successfully.
2025-04-26 01:53:27,329 - INFO - Roblox closed. Relaunching...
2025-04-26 01:53:28,733 - INFO - Launching Roblox (Attempt 1/2)
2025-04-26 01:56:05,139 - INFO - Starting AFK bot. Move mouse to top-left to abort.
2025-04-26 01:56:07,417 - INFO - Launching Roblox (Attempt 1/2)
2025-04-26 01:56:16,263 - INFO - Roblox launched successfully.
2025-04-26 01:56:29,547 - INFO - Starting AFK bot. Move mouse to top-left to abort.
2025-04-26 01:56:31,772 - INFO - Launching Roblox (Attempt 1/2)
2025-04-26 01:56:40,012 - INFO - Roblox launched successfully.
2025-04-26 01:59:00,283 - INFO - Starting AFK bot. Move mouse to top-left to abort.
2025-04-26 01:59:02,428 - INFO - Launching Roblox (Attempt 1/2)
2025-04-26 01:59:11,167 - INFO - Roblox launched successfully.
2025-04-26 02:14:14,264 - INFO - 15 minutes passed. Relaunching Roblox...
2025-04-26 02:29:17,002 - INFO - 15 minutes passed. Relaunching Roblox...
2025-04-26 02:44:18,380 - INFO - 15 minutes passed. Relaunching Roblox...
2025-04-26 02:59:23,901 - INFO - 15 minutes passed. Relaunching Roblox...
2025-04-26 03:14:30,834 - INFO - 15 minutes passed. Relaunching Roblox...
2025-04-26 03:29:33,950 - INFO - 15 minutes passed. Relaunching Roblox...
2025-04-26 03:44:37,859 - INFO - 15 minutes passed. Relaunching Roblox...
2025-04-26 03:59:43,279 - INFO - 15 minutes passed. Relaunching Roblox...
2025-04-26 04:14:50,720 - INFO - 15 minutes passed. Relaunching Roblox...
2025-04-26 04:29:55,618 - INFO - 15 minutes passed. Relaunching Roblox...
2025-04-26 04:44:58,497 - INFO - 15 minutes passed. Relaunching Roblox...
2025-04-26 05:00:06,047 - INFO - 15 minutes passed. Relaunching Roblox...
2025-04-26 05:15:10,665 - INFO - 15 minutes passed. Relaunching Roblox...
2025-04-26 05:30:18,416 - INFO - 15 minutes passed. Relaunching Roblox...
2025-04-26 05:45:25,847 - INFO - 15 minutes passed. Relaunching Roblox...
2025-04-26 06:00:32,756 - INFO - 15 minutes passed. Relaunching Roblox...
2025-04-26 06:15:36,421 - INFO - 15 minutes passed. Relaunching Roblox...
2025-04-26 06:30:38,740 - INFO - 15 minutes passed. Relaunching Roblox...
2025-04-26 06:45:42,132 - INFO - 15 minutes passed. Relaunching Roblox...
2025-04-26 07:00:48,671 - INFO - 15 minutes passed. Relaunching Roblox...
2025-04-26 07:15:49,600 - INFO - 15 minutes passed. Relaunching Roblox...
2025-04-26 07:30:53,055 - INFO - 15 minutes passed. Relaunching Roblox...
2025-04-26 07:45:54,707 - INFO - 15 minutes passed. Relaunching Roblox...
2025-04-26 08:00:57,147 - INFO - 15 minutes passed. Relaunching Roblox...
2025-04-26 08:16:03,630 - INFO - 15 minutes passed. Relaunching Roblox...
2025-04-26 08:31:07,997 - INFO - 15 minutes passed. Relaunching Roblox...
2025-04-26 08:46:13,192 - INFO - 15 minutes passed. Relaunching Roblox...
2025-04-26 09:01:19,374 - INFO - 15 minutes passed. Relaunching Roblox...
2025-04-26 09:16:24,590 - INFO - 15 minutes passed. Relaunching Roblox...
2025-04-26 09:31:29,706 - INFO - 15 minutes passed. Relaunching Roblox...
2025-04-26 09:46:40,505 - INFO - 15 minutes passed. Relaunching Roblox...
2025-04-26 10:01:41,724 - INFO - 15 minutes passed. Relaunching Roblox...
2025-04-26 10:16:47,010 - INFO - 15 minutes passed. Relaunching Roblox...
2025-04-26 10:31:53,084 - INFO - 15 minutes passed. Relaunching Roblox...
2025-04-26 10:46:58,740 - INFO - 15 minutes passed. Relaunching Roblox...
2025-04-26 11:01:59,220 - INFO - 15 minutes passed. Relaunching Roblox...
2025-04-26 11:17:04,993 - INFO - 15 minutes passed. Relaunching Roblox...
2025-04-26 11:32:10,170 - INFO - 15 minutes passed. Relaunching Roblox...
2025-04-26 11:47:13,871 - INFO - 15 minutes passed. Relaunching Roblox...
2025-04-26 12:02:15,566 - INFO - 15 minutes passed. Relaunching Roblox...
2025-04-26 12:17:23,076 - INFO - 15 minutes passed. Relaunching Roblox...
2025-04-26 12:32:26,235 - INFO - 15 minutes passed. Relaunching Roblox...
2025-04-26 12:47:31,655 - INFO - 15 minutes passed. Relaunching Roblox...
2025-04-26 13:02:41,768 - INFO - 15 minutes passed. Relaunching Roblox...
2025-04-26 13:17:46,188 - INFO - 15 minutes passed. Relaunching Roblox...
2025-04-26 13:32:48,175 - INFO - 15 minutes passed. Relaunching Roblox...
2025-04-26 13:47:53,807 - INFO - 15 minutes passed. Relaunching Roblox...
2025-04-26 14:02:55,692 - INFO - 15 minutes passed. Relaunching Roblox...
2025-04-26 14:18:05,040 - INFO - 15 minutes passed. Relaunching Roblox...
2025-04-26 14:33:07,135 - INFO - 15 minutes passed. Relaunching Roblox...
2025-04-26 14:48:11,427 - INFO - 15 minutes passed. Relaunching Roblox...
2025-04-26 15:03:20,766 - INFO - 15 minutes passed. Relaunching Roblox...
2025-04-26 15:18:27,467 - INFO - 15 minutes passed. Relaunching Roblox...
2025-04-26 15:33:33,296 - INFO - 15 minutes passed. Relaunching Roblox...
2025-04-26 15:48:34,222 - INFO - 15 minutes passed. Relaunching Roblox...
2025-04-26 16:03:41,138 - INFO - 15 minutes passed. Relaunching Roblox...
2025-04-26 16:18:45,933 - INFO - 15 minutes passed. Relaunching Roblox...
2025-04-26 16:33:46,854 - INFO - 15 minutes passed. Relaunching Roblox...
2025-04-26 16:48:55,060 - INFO - 15 minutes passed. Relaunching Roblox...
2025-04-26 17:04:05,065 - INFO - 15 minutes passed. Relaunching Roblox...
2025-04-26 17:19:06,914 - INFO - 15 minutes passed. Relaunching Roblox...
2025-04-26 17:34:13,905 - INFO - 15 minutes passed. Relaunching Roblox...
2025-04-26 17:49:22,591 - INFO - 15 minutes passed. Relaunching Roblox...
2025-04-26 18:04:29,758 - INFO - 15 minutes passed. Relaunching Roblox...
2025-04-26 18:19:33,642 - INFO - 15 minutes passed. Relaunching Roblox...
2025-04-26 18:34:39,005 - INFO - 15 minutes passed. Relaunching Roblox...
2025-04-26 18:49:44,809 - INFO - 15 minutes passed. Relaunching Roblox...
2025-04-26 19:04:50,789 - INFO - 15 minutes passed. Relaunching Roblox...
2025-04-26 19:19:53,246 - INFO - 15 minutes passed. Relaunching Roblox...
2025-04-26 19:34:53,799 - INFO - 15 minutes passed. Relaunching Roblox...
2025-04-26 19:49:57,587 - INFO - 15 minutes passed. Relaunching Roblox...
2025-04-26 20:05:03,520 - INFO - 15 minutes passed. Relaunching Roblox...
2025-04-26 20:16:21,866 - INFO - Roblox closed. Relaunching...
2025-04-26 20:16:23,156 - INFO - Launching Roblox (Attempt 1/2)
2025-04-26 20:16:32,362 - INFO - Roblox launched successfully.
2025-04-26 20:17:13,242 - ERROR - Main loop error: PyAutoGUI fail-safe triggered from mouse moving to a corner of the screen. To disable this fail-safe, set pyautogui.FAILSAFE to False. DISABLING FAIL-SAFE IS NOT RECOMMENDED..
2025-04-26 20:17:15,448 - INFO - Roblox closed. Relaunching...
2025-04-26 20:21:54,221 - INFO - Starting AFK bot. Move mouse to top-left to abort.
2025-04-26 20:21:56,440 - INFO - Launching Roblox (Attempt 1/2)
2025-04-26 20:48:42,883 - INFO - Starting AFK bot. Move mouse to top-left to abort.
2025-04-26 20:48:45,043 - INFO - Launching Roblox (Attempt 1/2)
2025-04-26 20:50:05,358 - INFO - Starting AFK bot. Move mouse to top-left to abort.
2025-04-26 20:50:07,976 - INFO - Launching Roblox (Attempt 1/2)
2025-04-26 20:50:25,677 - INFO - Starting AFK bot. Move mouse to top-left to abort.
2025-04-26 20:50:27,958 - INFO - Launching Roblox (Attempt 1/2)
2025-04-26 20:50:36,035 - INFO - Roblox launched successfully.
2025-04-26 20:59:00,654 - INFO - Starting AFK bot. Move mouse to top-left to abort.
2025-04-26 20:59:03,020 - INFO - Launching Roblox (Attempt 1/2)
2025-04-26 20:59:09,637 - INFO - Roblox launched successfully.
2025-04-26 21:04:35,301 - INFO - Roblox closed. Relaunching...
2025-04-26 21:04:36,822 - INFO - Launching Roblox (Attempt 1/2)
2025-04-26 21:04:43,324 - INFO - Roblox launched successfully.
2025-04-26 21:15:54,558 - INFO - Starting AFK bot. Move mouse to top-left to abort.
2025-04-26 21:15:56,817 - INFO - Launching Roblox (Attempt 1/2)
2025-04-26 21:16:03,659 - INFO - Roblox launched successfully.
2025-04-26 21:17:46,720 - INFO - Roblox closed. Relaunching...
2025-04-26 21:17:48,147 - INFO - Launching Roblox (Attempt 1/2)
2025-04-26 21:17:55,439 - INFO - Roblox launched successfully.
2025-04-26 21:21:07,647 - INFO - Starting AFK bot. Move mouse to top-left to abort.
2025-04-26 21:21:10,056 - INFO - Launching Roblox (Attempt 1/2)
2025-04-26 21:21:16,475 - INFO - Roblox launched successfully.
2025-04-26 21:21:26,289 - INFO - Roblox closed. Relaunching...
2025-04-26 21:21:27,639 - INFO - Launching Roblox (Attempt 1/2)
2025-04-26 21:21:33,872 - INFO - Roblox launched successfully.
2025-04-26 21:21:39,429 - INFO - Roblox closed. Relaunching...
2025-04-26 21:22:12,693 - INFO - Starting AFK bot. Move mouse to top-left to abort.
2025-04-26 21:22:15,026 - INFO - Launching Roblox (Attempt 1/2)
2025-04-26 21:22:21,144 - INFO - Roblox launched successfully.
2025-04-26 21:37:25,866 - INFO - 15 minutes passed. Relaunching Roblox...
2025-04-26 21:37:26,064 - INFO - Launching Roblox (Attempt 1/2)
2025-04-26 21:37:34,669 - INFO - Roblox launched successfully.
2025-04-26 21:45:39,232 - INFO - Roblox closed. Relaunching...
2025-04-26 21:45:40,543 - INFO - Launching Roblox (Attempt 1/2)
2025-04-26 21:45:49,216 - INFO - Roblox launched successfully.
2025-04-26 21:45:58,981 - INFO - Roblox closed. Relaunching...
2025-04-26 21:46:00,338 - INFO - Launching Roblox (Attempt 1/2)
2025-04-26 21:46:08,256 - INFO - Roblox launched successfully.
2025-04-26 21:52:42,986 - INFO - 15 minutes passed. Relaunching Roblox...
2025-04-26 21:52:43,317 - INFO - Launching Roblox (Attempt 1/2)
2025-04-26 21:52:51,792 - INFO - Roblox launched successfully.
2025-04-26 22:07:59,428 - INFO - 15 minutes passed. Relaunching Roblox...
2025-04-26 22:07:59,684 - INFO - Launching Roblox (Attempt 1/2)
2025-04-26 22:08:08,331 - INFO - Roblox launched successfully.
2025-04-26 22:23:13,366 - INFO - 15 minutes passed. Relaunching Roblox...
2025-04-26 22:23:13,609 - INFO - Launching Roblox (Attempt 1/2)
2025-04-26 22:23:21,643 - INFO - Roblox launched successfully.
2025-04-26 22:33:00,846 - INFO - Roblox closed. Relaunching...
2025-04-26 22:33:02,280 - INFO - Launching Roblox (Attempt 1/2)
2025-04-26 22:33:11,292 - INFO - Roblox launched successfully.
2025-04-26 22:38:22,056 - INFO - 15 minutes passed. Relaunching Roblox...
2025-04-26 22:38:22,376 - INFO - Launching Roblox (Attempt 1/2)
2025-04-26 22:38:30,247 - INFO - Roblox launched successfully.
2025-04-26 22:45:24,213 - INFO - Roblox closed. Relaunching...
2025-04-26 22:45:25,538 - INFO - Launching Roblox (Attempt 1/2)
2025-04-26 22:45:34,159 - INFO - Roblox launched successfully.
2025-04-26 22:45:43,503 - INFO - Roblox closed. Relaunching...
2025-04-26 22:45:44,809 - INFO - Launching Roblox (Attempt 1/2)
2025-04-26 22:50:38,614 - INFO - Starting AFK bot. Move mouse to top-left to abort.
2025-04-26 22:50:40,859 - INFO - Launching Roblox (Attempt 1/3)
2025-04-26 22:50:44,099 - INFO - Roblox launched and game joined successfully.
2025-04-26 22:51:00,438 - INFO - Roblox closed or window not found. Relaunching...
2025-04-26 22:51:01,886 - INFO - Launching Roblox (Attempt 1/3)
2025-04-26 22:51:05,134 - INFO - Roblox launched and game joined successfully.
2025-04-26 22:51:18,208 - INFO - Roblox closed or window not found. Relaunching...
2025-04-26 22:51:19,616 - INFO - Launching Roblox (Attempt 1/3)
2025-04-26 22:52:12,539 - INFO - Starting AFK bot. Move mouse to top-left to abort.
2025-04-26 22:52:14,830 - INFO - Launching Roblox (Attempt 1/3)
2025-04-26 22:52:18,063 - INFO - Roblox launched and game joined successfully.
2025-04-26 22:53:20,119 - INFO - Starting AFK bot. Move mouse to top-left to abort.
2025-04-26 22:53:22,341 - INFO - Launching Roblox (Attempt 1/3)
2025-04-26 22:53:25,507 - INFO - Roblox launched and game joined successfully.
2025-04-26 22:53:40,480 - INFO - 15 minutes passed. Relaunching Roblox...
2025-04-26 22:53:40,667 - INFO - Launching Roblox (Attempt 1/3)
2025-04-26 22:53:44,621 - INFO - Roblox launched and game joined successfully.
2025-04-26 22:53:59,136 - INFO - 15 minutes passed. Relaunching Roblox...
2025-04-26 22:53:59,543 - INFO - Launching Roblox (Attempt 1/3)
2025-04-26 22:54:02,723 - INFO - Roblox launched and game joined successfully.
2025-04-26 22:55:34,358 - INFO - Starting AFK bot. Move mouse to top-left to abort.
2025-04-26 22:55:36,836 - INFO - Launching Roblox (Attempt 1/3)
2025-04-26 22:55:41,338 - ERROR - Failed to focus Roblox window.
2025-04-26 22:55:42,314 - INFO - Launching Roblox (Attempt 2/3)
2025-04-26 22:55:47,177 - INFO - Roblox launched and game joined successfully.
2025-04-26 22:55:48,143 - INFO - Roblox closed or window not found. Relaunching...
2025-04-26 22:55:49,556 - INFO - Launching Roblox (Attempt 1/3)
2025-04-26 23:02:47,607 - INFO - Starting AFK bot. Move mouse to top-left to abort.
2025-04-26 23:02:49,920 - INFO - Launching Roblox (Attempt 1/3)
2025-04-26 23:02:55,040 - INFO - Roblox launched and game joined successfully.
2025-04-26 23:08:00,429 - INFO - 15 minutes passed. Relaunching Roblox...
2025-04-26 23:08:00,689 - INFO - Launching Roblox (Attempt 1/3)
2025-04-26 23:08:05,710 - INFO - Roblox launched and game joined successfully.
2025-04-26 23:08:19,696 - INFO - Roblox closed or window not found. Relaunching...
2025-04-28 12:23:57,601 - INFO - Starting AFK bot. Move mouse to top-left to abort.
2025-04-28 12:23:59,641 - INFO - Launching Roblox (Attempt 1/3)
2025-04-28 12:25:07,268 - INFO - Starting AFK bot. Move mouse to top-left to abort.
2025-04-28 12:25:11,504 - INFO - Launching Roblox (Attempt 1/3)
2025-04-28 12:25:19,255 - INFO - Roblox launched and game joined successfully.
2025-04-28 14:41:50,123 - INFO - Starting AFK bot. Move mouse to top-left to abort.
2025-04-28 14:41:52,447 - INFO - Launching Roblox (Attempt 1/3)
2025-04-28 14:42:01,245 - INFO - Roblox launched and game joined successfully.
2025-04-28 14:42:21,324 - INFO - 15 minutes passed. Relaunching Roblox...
2025-04-28 14:42:21,655 - INFO - Waiting 5 seconds before relaunch...
2025-04-28 14:42:26,860 - INFO - Launching Roblox (Attempt 1/3)
2025-04-28 14:42:31,102 - INFO - Roblox launched and game joined successfully.
2025-04-28 14:44:38,568 - INFO - Starting AFK bot. Move mouse to top-left to abort.
2025-04-28 14:44:41,170 - INFO - Launching Roblox (Attempt 1/3)
2025-04-28 14:45:08,618 - INFO - Starting AFK bot. Move mouse to top-left to abort.
2025-04-28 14:45:10,989 - INFO - Launching Roblox (Attempt 1/3)
2025-04-28 14:45:15,042 - INFO - Roblox launched and game joined successfully.
2025-04-28 14:47:57,347 - INFO - Roblox closed or window not found. Relaunching...
2025-04-28 14:47:58,995 - INFO - Waiting 5 seconds before relaunch...
2025-04-28 14:48:04,236 - INFO - Launching Roblox (Attempt 1/3)
2025-04-28 14:48:11,129 - INFO - Roblox launched and game joined successfully.
2025-04-28 15:01:27,356 - INFO - Starting AFK bot. Move mouse to top-left to abort.
2025-04-28 15:01:29,664 - INFO - Launching Roblox (Attempt 1/3)
2025-04-28 15:01:35,601 - ERROR - Failed to focus Roblox window.
2025-04-28 15:01:35,897 - INFO - Launching Roblox (Attempt 2/3)
2025-04-28 15:01:42,124 - ERROR - Failed to focus Roblox window.
2025-04-28 15:01:42,322 - INFO - Launching Roblox (Attempt 3/3)
2025-04-28 15:01:49,400 - INFO - Roblox launched and game joined successfully.
2025-04-28 15:02:30,919 - INFO - Detected disconnect_button.png on screen.
2025-04-28 15:02:31,118 - INFO - Attempting to reconnect...
2025-04-28 15:02:31,749 - INFO - Detected disconnect_button.png on screen.
2025-04-28 15:02:32,742 - INFO - Waiting 5 seconds before relaunch...
2025-04-28 15:02:38,005 - INFO - Launching Roblox (Attempt 1/3)
2025-04-28 15:02:45,234 - INFO - Roblox launched and game joined successfully.
2025-04-28 15:03:16,697 - INFO - Roblox closed or window not found. Relaunching...
2025-04-28 15:03:18,442 - INFO - Waiting 5 seconds before relaunch...
2025-04-28 15:03:23,596 - INFO - Launching Roblox (Attempt 1/3)
2025-04-28 15:03:30,119 - INFO - Roblox launched and game joined successfully.
